[0mCompiling "resources/public/js/main.js" from ["src"]...
Compiling /Users/marclaughton/Development/Projects/om-next-tutorial/src/om_tutorial/core.cljs
Compiling target/figwheel_temp/dev/figwheel/connect.cljs
Reading analysis cache for file:/Users/marclaughton/Development/Projects/om-next-tutorial/src/om_tutorial/core.cljs
notifying browser that file changed:  resources/public/js/goog/deps.js
notifying browser that file changed:  resources/public/js/cljs_deps.js
notifying browser that file changed:  out/om_tutorial/core.js
[32mSuccessfully compiled "resources/public/js/main.js" in 0.321 seconds.[0m
[0mCompiling "resources/public/js/main.js" from ["src"]...
Compiling /Users/marclaughton/Development/Projects/om-next-tutorial/src/om_tutorial/core.cljs
Compiling target/figwheel_temp/dev/figwheel/connect.cljs
Reading analysis cache for file:/Users/marclaughton/Development/Projects/om-next-tutorial/src/om_tutorial/core.cljs
notifying browser that file changed:  out/om_tutorial/core.js
[32mSuccessfully compiled "resources/public/js/main.js" in 0.192 seconds.[0m
[0mCompiling "resources/public/js/main.js" from ["src"]...
Compiling /Users/marclaughton/Development/Projects/om-next-tutorial/src/om_tutorial/core.cljs
Compiling target/figwheel_temp/dev/figwheel/connect.cljs
notifying browser that file changed:  out/om_tutorial/core.js
[32mSuccessfully compiled "resources/public/js/main.js" in 0.239 seconds.[0m
[0mCompiling "resources/public/js/main.js" from ["src"]...
Compiling /Users/marclaughton/Development/Projects/om-next-tutorial/src/om_tutorial/core.cljs
Compiling target/figwheel_temp/dev/figwheel/connect.cljs
notifying browser that file changed:  out/om_tutorial/core.js
[32mSuccessfully compiled "resources/public/js/main.js" in 0.227 seconds.[0m
[0mCompiling "resources/public/js/main.js" from ["src"]...
Compiling /Users/marclaughton/Development/Projects/om-next-tutorial/src/om_tutorial/core.cljs
Compiling target/figwheel_temp/dev/figwheel/connect.cljs
Reading analysis cache for file:/Users/marclaughton/Development/Projects/om-next-tutorial/src/om_tutorial/core.cljs
notifying browser that file changed:  out/om_tutorial/core.js
[32mSuccessfully compiled "resources/public/js/main.js" in 0.19 seconds.[0m
[0mCompiling "resources/public/js/main.js" from ["src"]...
Compiling /Users/marclaughton/Development/Projects/om-next-tutorial/src/om_tutorial/core.cljs
Compiling target/figwheel_temp/dev/figwheel/connect.cljs
notifying browser that file changed:  out/om_tutorial/core.js
[32mSuccessfully compiled "resources/public/js/main.js" in 0.243 seconds.[0m
[0mCompiling "resources/public/js/main.js" from ["src"]...
Compiling /Users/marclaughton/Development/Projects/om-next-tutorial/src/om_tutorial/core.cljs
Compiling target/figwheel_temp/dev/figwheel/connect.cljs
notifying browser that file changed:  out/om_tutorial/core.js
[32mSuccessfully compiled "resources/public/js/main.js" in 0.208 seconds.[0m
[0mCompiling "resources/public/js/main.js" from ["src"]...
Compiling /Users/marclaughton/Development/Projects/om-next-tutorial/src/om_tutorial/core.cljs
Compiling target/figwheel_temp/dev/figwheel/connect.cljs
notifying browser that file changed:  out/om_tutorial/core.js
[32mSuccessfully compiled "resources/public/js/main.js" in 0.229 seconds.[0m
[0mCompiling "resources/public/js/main.js" from ["src"]...
Compiling /Users/marclaughton/Development/Projects/om-next-tutorial/src/om_tutorial/core.cljs
Compiling target/figwheel_temp/dev/figwheel/connect.cljs
notifying browser that file changed:  out/om_tutorial/core.js
[32mSuccessfully compiled "resources/public/js/main.js" in 0.241 seconds.[0m
[0mCompiling "resources/public/js/main.js" from ["src"]...
Compiling /Users/marclaughton/Development/Projects/om-next-tutorial/src/om_tutorial/core.cljs
Compiling target/figwheel_temp/dev/figwheel/connect.cljs
Reading analysis cache for file:/Users/marclaughton/Development/Projects/om-next-tutorial/src/om_tutorial/core.cljs
notifying browser that file changed:  out/om_tutorial/core.js
[32mSuccessfully compiled "resources/public/js/main.js" in 0.179 seconds.[0m
[0mCompiling "resources/public/js/main.js" from ["src"]...
Compiling /Users/marclaughton/Development/Projects/om-next-tutorial/src/om_tutorial/core.cljs
Compiling target/figwheel_temp/dev/figwheel/connect.cljs
notifying browser that file changed:  out/om_tutorial/core.js
[32mSuccessfully compiled "resources/public/js/main.js" in 0.213 seconds.[0m
[0mCompiling "resources/public/js/main.js" from ["src"]...
Compiling /Users/marclaughton/Development/Projects/om-next-tutorial/src/om_tutorial/core.cljs
Compiling target/figwheel_temp/dev/figwheel/connect.cljs
Reading analysis cache for file:/Users/marclaughton/Development/Projects/om-next-tutorial/src/om_tutorial/core.cljs
notifying browser that file changed:  out/om_tutorial/core.js
[32mSuccessfully compiled "resources/public/js/main.js" in 0.219 seconds.[0m
[0mCompiling "resources/public/js/main.js" from ["src"]...
Compiling /Users/marclaughton/Development/Projects/om-next-tutorial/src/om_tutorial/core.cljs
Compiling target/figwheel_temp/dev/figwheel/connect.cljs
Reading analysis cache for file:/Users/marclaughton/Development/Projects/om-next-tutorial/src/om_tutorial/core.cljs
notifying browser that file changed:  out/om_tutorial/core.js
[32mSuccessfully compiled "resources/public/js/main.js" in 0.173 seconds.[0m
[0mCompiling "resources/public/js/main.js" from ["src"]...
Compiling /Users/marclaughton/Development/Projects/om-next-tutorial/src/om_tutorial/core.cljs
Compiling target/figwheel_temp/dev/figwheel/connect.cljs
Reading analysis cache for file:/Users/marclaughton/Development/Projects/om-next-tutorial/src/om_tutorial/core.cljs
notifying browser that file changed:  out/om_tutorial/core.js
[32mSuccessfully compiled "resources/public/js/main.js" in 0.162 seconds.[0m
[0mCompiling "resources/public/js/main.js" from ["src"]...
Compiling /Users/marclaughton/Development/Projects/om-next-tutorial/src/om_tutorial/core.cljs
Compiling target/figwheel_temp/dev/figwheel/connect.cljs
Reading analysis cache for file:/Users/marclaughton/Development/Projects/om-next-tutorial/src/om_tutorial/core.cljs
notifying browser that file changed:  out/om_tutorial/core.js
[32mSuccessfully compiled "resources/public/js/main.js" in 0.159 seconds.[0m
[0mCompiling "resources/public/js/main.js" from ["src"]...
Compiling /Users/marclaughton/Development/Projects/om-next-tutorial/src/om_tutorial/core.cljs
Compiling target/figwheel_temp/dev/figwheel/connect.cljs
notifying browser that file changed:  out/om_tutorial/core.js
[32mSuccessfully compiled "resources/public/js/main.js" in 0.237 seconds.[0m
[0mCompiling "resources/public/js/main.js" from ["src"]...
Compiling /Users/marclaughton/Development/Projects/om-next-tutorial/src/om_tutorial/core.cljs
Compiling target/figwheel_temp/dev/figwheel/connect.cljs
notifying browser that file changed:  out/om_tutorial/core.js
[32mSuccessfully compiled "resources/public/js/main.js" in 0.235 seconds.[0m
[0mCompiling "resources/public/js/main.js" from ["src"]...
Compiling /Users/marclaughton/Development/Projects/om-next-tutorial/src/om_tutorial/core.cljs
Compiling target/figwheel_temp/dev/figwheel/connect.cljs
notifying browser that file changed:  out/om_tutorial/core.js
[32mSuccessfully compiled "resources/public/js/main.js" in 0.244 seconds.[0m
[0mCompiling "resources/public/js/main.js" from ["src"]...
Compiling /Users/marclaughton/Development/Projects/om-next-tutorial/src/om_tutorial/core.cljs
Compiling target/figwheel_temp/dev/figwheel/connect.cljs
notifying browser that file changed:  out/om_tutorial/core.js
[32mSuccessfully compiled "resources/public/js/main.js" in 0.268 seconds.[0m
[0mCompiling "resources/public/js/main.js" from ["src"]...
Compiling /Users/marclaughton/Development/Projects/om-next-tutorial/src/om_tutorial/core.cljs
Compiling target/figwheel_temp/dev/figwheel/connect.cljs
notifying browser that file changed:  out/om_tutorial/core.js
[32mSuccessfully compiled "resources/public/js/main.js" in 0.227 seconds.[0m
[0mCompiling "resources/public/js/main.js" from ["src"]...
Compiling /Users/marclaughton/Development/Projects/om-next-tutorial/src/om_tutorial/core.cljs
Compiling target/figwheel_temp/dev/figwheel/connect.cljs
notifying browser that file changed:  out/om_tutorial/core.js
[32mSuccessfully compiled "resources/public/js/main.js" in 0.213 seconds.[0m
[0mCompiling "resources/public/js/main.js" from ["src"]...
Compiling /Users/marclaughton/Development/Projects/om-next-tutorial/src/om_tutorial/core.cljs
Compiling target/figwheel_temp/dev/figwheel/connect.cljs
notifying browser that file changed:  out/om_tutorial/core.js
[32mSuccessfully compiled "resources/public/js/main.js" in 0.217 seconds.[0m
[0mCompiling "resources/public/js/main.js" from ["src"]...
Compiling /Users/marclaughton/Development/Projects/om-next-tutorial/src/om_tutorial/core.cljs
Compiling target/figwheel_temp/dev/figwheel/connect.cljs
notifying browser that file changed:  out/om_tutorial/core.js
[32mSuccessfully compiled "resources/public/js/main.js" in 0.225 seconds.[0m
[0mCompiling "resources/public/js/main.js" from ["src"]...
Compiling /Users/marclaughton/Development/Projects/om-next-tutorial/src/om_tutorial/core.cljs
Compiling target/figwheel_temp/dev/figwheel/connect.cljs
notifying browser that file changed:  out/om_tutorial/core.js
[32mSuccessfully compiled "resources/public/js/main.js" in 0.236 seconds.[0m
[0mCompiling "resources/public/js/main.js" from ["src"]...
Compiling /Users/marclaughton/Development/Projects/om-next-tutorial/src/om_tutorial/core.cljs
Compiling target/figwheel_temp/dev/figwheel/connect.cljs
notifying browser that file changed:  out/om_tutorial/core.js
[32mSuccessfully compiled "resources/public/js/main.js" in 0.222 seconds.[0m
[0mCompiling "resources/public/js/main.js" from ["src"]...
Compiling /Users/marclaughton/Development/Projects/om-next-tutorial/src/om_tutorial/core.cljs
Compiling target/figwheel_temp/dev/figwheel/connect.cljs
notifying browser that file changed:  resources/public/js/goog/deps.js
notifying browser that file changed:  resources/public/js/cljs_deps.js
notifying browser that file changed:  out/om_tutorial/core.js
[32mSuccessfully compiled "resources/public/js/main.js" in 0.55 seconds.[0m
[0mCompiling "resources/public/js/main.js" from ["src"]...
Compiling /Users/marclaughton/Development/Projects/om-next-tutorial/src/om_tutorial/core.cljs
Compiling target/figwheel_temp/dev/figwheel/connect.cljs
notifying browser that file changed:  out/om_tutorial/core.js
[32mSuccessfully compiled "resources/public/js/main.js" in 0.308 seconds.[0m
[0mCompiling "resources/public/js/main.js" from ["src"]...
Compiling /Users/marclaughton/Development/Projects/om-next-tutorial/src/om_tutorial/core.cljs
Compiling target/figwheel_temp/dev/figwheel/connect.cljs
notifying browser that file changed:  resources/public/js/goog/deps.js
notifying browser that file changed:  resources/public/js/cljs_deps.js
notifying browser that file changed:  out/om_tutorial/core.js
[32mSuccessfully compiled "resources/public/js/main.js" in 0.453 seconds.[0m
[0mCompiling "resources/public/js/main.js" from ["src"]...
Compiling /Users/marclaughton/Development/Projects/om-next-tutorial/src/om_tutorial/core.cljs
Compiling target/figwheel_temp/dev/figwheel/connect.cljs
notifying browser that file changed:  out/om_tutorial/core.js
[32mSuccessfully compiled "resources/public/js/main.js" in 0.278 seconds.[0m
[0mCompiling "resources/public/js/main.js" from ["src"]...
Compiling /Users/marclaughton/Development/Projects/om-next-tutorial/src/om_tutorial/core.cljs
Compiling target/figwheel_temp/dev/figwheel/connect.cljs
notifying browser that file changed:  out/om_tutorial/core.js
[32mSuccessfully compiled "resources/public/js/main.js" in 0.278 seconds.[0m
[0mCompiling "resources/public/js/main.js" from ["src"]...
Compiling /Users/marclaughton/Development/Projects/om-next-tutorial/src/om_tutorial/core.cljs
Compiling target/figwheel_temp/dev/figwheel/connect.cljs
notifying browser that file changed:  out/om_tutorial/core.js
[32mSuccessfully compiled "resources/public/js/main.js" in 0.272 seconds.[0m
[0mCompiling "resources/public/js/main.js" from ["src"]...
Compiling /Users/marclaughton/Development/Projects/om-next-tutorial/src/om_tutorial/core.cljs
Compiling target/figwheel_temp/dev/figwheel/connect.cljs
notifying browser that file changed:  out/om_tutorial/core.js
[32mSuccessfully compiled "resources/public/js/main.js" in 0.27 seconds.[0m
[0mCompiling "resources/public/js/main.js" from ["src"]...
Compiling /Users/marclaughton/Development/Projects/om-next-tutorial/src/om_tutorial/core.cljs
Compiling target/figwheel_temp/dev/figwheel/connect.cljs
notifying browser that file changed:  out/om_tutorial/core.js
[32mSuccessfully compiled "resources/public/js/main.js" in 0.274 seconds.[0m
[0mCompiling "resources/public/js/main.js" from ["src"]...
Compiling /Users/marclaughton/Development/Projects/om-next-tutorial/src/om_tutorial/core.cljs
Compiling target/figwheel_temp/dev/figwheel/connect.cljs
notifying browser that file changed:  out/om_tutorial/core.js
[32mSuccessfully compiled "resources/public/js/main.js" in 0.262 seconds.[0m
[0mCompiling "resources/public/js/main.js" from ["src"]...
Compiling /Users/marclaughton/Development/Projects/om-next-tutorial/src/om_tutorial/core.cljs
Compiling target/figwheel_temp/dev/figwheel/connect.cljs
notifying browser that file changed:  out/om_tutorial/core.js
[32mSuccessfully compiled "resources/public/js/main.js" in 0.281 seconds.[0m
[0mCompiling "resources/public/js/main.js" from ["src"]...
Compiling /Users/marclaughton/Development/Projects/om-next-tutorial/src/om_tutorial/core.cljs
Compiling target/figwheel_temp/dev/figwheel/connect.cljs
notifying browser that file changed:  out/om_tutorial/core.js
[32mSuccessfully compiled "resources/public/js/main.js" in 0.257 seconds.[0m
[0mCompiling "resources/public/js/main.js" from ["src"]...
Compiling /Users/marclaughton/Development/Projects/om-next-tutorial/src/om_tutorial/core.cljs
Compiling target/figwheel_temp/dev/figwheel/connect.cljs
Reading analysis cache for file:/Users/marclaughton/Development/Projects/om-next-tutorial/src/om_tutorial/core.cljs
notifying browser that file changed:  out/om_tutorial/core.js
[32mSuccessfully compiled "resources/public/js/main.js" in 0.178 seconds.[0m
[0mCompiling "resources/public/js/main.js" from ["src"]...
Compiling /Users/marclaughton/Development/Projects/om-next-tutorial/src/om_tutorial/core.cljs
Compiling target/figwheel_temp/dev/figwheel/connect.cljs
Reading analysis cache for file:/Users/marclaughton/Development/Projects/om-next-tutorial/src/om_tutorial/core.cljs
notifying browser that file changed:  out/om_tutorial/core.js
[32mSuccessfully compiled "resources/public/js/main.js" in 0.159 seconds.[0m
[0mCompiling "resources/public/js/main.js" from ["src"]...
Compiling /Users/marclaughton/Development/Projects/om-next-tutorial/src/om_tutorial/core.cljs
Compiling target/figwheel_temp/dev/figwheel/connect.cljs
Reading analysis cache for file:/Users/marclaughton/Development/Projects/om-next-tutorial/src/om_tutorial/core.cljs
notifying browser that file changed:  out/om_tutorial/core.js
[32mSuccessfully compiled "resources/public/js/main.js" in 0.167 seconds.[0m
[0mCompiling "resources/public/js/main.js" from ["src"]...
Compiling /Users/marclaughton/Development/Projects/om-next-tutorial/src/om_tutorial/core.cljs
Compiling target/figwheel_temp/dev/figwheel/connect.cljs
notifying browser that file changed:  out/om_tutorial/core.js
[32mSuccessfully compiled "resources/public/js/main.js" in 0.168 seconds.[0m
[0mCompiling "resources/public/js/main.js" from ["src"]...
Compiling /Users/marclaughton/Development/Projects/om-next-tutorial/src/om_tutorial/core.cljs
Compiling target/figwheel_temp/dev/figwheel/connect.cljs
notifying browser that file changed:  out/om_tutorial/core.js
[32mSuccessfully compiled "resources/public/js/main.js" in 0.174 seconds.[0m
[0mCompiling "resources/public/js/main.js" from ["src"]...
Compiling /Users/marclaughton/Development/Projects/om-next-tutorial/src/om_tutorial/core.cljs
Compiling target/figwheel_temp/dev/figwheel/connect.cljs
notifying browser that file changed:  out/om_tutorial/core.js
[32mSuccessfully compiled "resources/public/js/main.js" in 0.199 seconds.[0m
[0mCompiling "resources/public/js/main.js" from ["src"]...
Compiling /Users/marclaughton/Development/Projects/om-next-tutorial/src/om_tutorial/core.cljs
Compiling target/figwheel_temp/dev/figwheel/connect.cljs
notifying browser that file changed:  out/om_tutorial/core.js
[32mSuccessfully compiled "resources/public/js/main.js" in 0.204 seconds.[0m
[0mCompiling "resources/public/js/main.js" from ["src"]...
Compiling /Users/marclaughton/Development/Projects/om-next-tutorial/src/om_tutorial/core.cljs
Compiling target/figwheel_temp/dev/figwheel/connect.cljs
notifying browser that file changed:  out/om_tutorial/core.js
[32mSuccessfully compiled "resources/public/js/main.js" in 0.194 seconds.[0m
[0mCompiling "resources/public/js/main.js" from ["src"]...
Compiling /Users/marclaughton/Development/Projects/om-next-tutorial/src/om_tutorial/core.cljs
Compiling target/figwheel_temp/dev/figwheel/connect.cljs
notifying browser that file changed:  out/om_tutorial/core.js
[32mSuccessfully compiled "resources/public/js/main.js" in 0.291 seconds.[0m
[0mCompiling "resources/public/js/main.js" from ["src"]...
Compiling /Users/marclaughton/Development/Projects/om-next-tutorial/src/om_tutorial/core.cljs
Compiling target/figwheel_temp/dev/figwheel/connect.cljs
notifying browser that file changed:  out/om_tutorial/core.js
[32mSuccessfully compiled "resources/public/js/main.js" in 0.272 seconds.[0m
[0mCompiling "resources/public/js/main.js" from ["src"]...
Compiling /Users/marclaughton/Development/Projects/om-next-tutorial/src/om_tutorial/core.cljs
Compiling target/figwheel_temp/dev/figwheel/connect.cljs
notifying browser that file changed:  out/om_tutorial/core.js
[32mSuccessfully compiled "resources/public/js/main.js" in 0.281 seconds.[0m
[0mCompiling "resources/public/js/main.js" from ["src"]...
Compiling /Users/marclaughton/Development/Projects/om-next-tutorial/src/om_tutorial/core.cljs
Compiling target/figwheel_temp/dev/figwheel/connect.cljs
notifying browser that file changed:  out/om_tutorial/core.js
[32mSuccessfully compiled "resources/public/js/main.js" in 0.289 seconds.[0m
[0mCompiling "resources/public/js/main.js" from ["src"]...
Compiling /Users/marclaughton/Development/Projects/om-next-tutorial/src/om_tutorial/core.cljs
Compiling target/figwheel_temp/dev/figwheel/connect.cljs
notifying browser that file changed:  out/om_tutorial/core.js
[32mSuccessfully compiled "resources/public/js/main.js" in 0.271 seconds.[0m
[0mCompiling "resources/public/js/main.js" from ["src"]...
Compiling /Users/marclaughton/Development/Projects/om-next-tutorial/src/om_tutorial/core.cljs
Compiling target/figwheel_temp/dev/figwheel/connect.cljs
notifying browser that file changed:  out/om_tutorial/core.js
[32mSuccessfully compiled "resources/public/js/main.js" in 0.296 seconds.[0m
[0mCompiling "resources/public/js/main.js" from ["src"]...
Compiling /Users/marclaughton/Development/Projects/om-next-tutorial/src/om_tutorial/core.cljs
Compiling target/figwheel_temp/dev/figwheel/connect.cljs
notifying browser that file changed:  out/om_tutorial/core.js
[32mSuccessfully compiled "resources/public/js/main.js" in 0.27 seconds.[0m
[0mCompiling "resources/public/js/main.js" from ["src"]...
Compiling /Users/marclaughton/Development/Projects/om-next-tutorial/src/om_tutorial/core.cljs
Compiling target/figwheel_temp/dev/figwheel/connect.cljs
notifying browser that file changed:  out/om_tutorial/core.js
[32mSuccessfully compiled "resources/public/js/main.js" in 0.275 seconds.[0m
[0mCompiling "resources/public/js/main.js" from ["src"]...
Compiling /Users/marclaughton/Development/Projects/om-next-tutorial/src/om_tutorial/core.cljs
Compiling target/figwheel_temp/dev/figwheel/connect.cljs
notifying browser that file changed:  out/om_tutorial/core.js
[32mSuccessfully compiled "resources/public/js/main.js" in 0.264 seconds.[0m
[0mCompiling "resources/public/js/main.js" from ["src"]...
Compiling /Users/marclaughton/Development/Projects/om-next-tutorial/src/om_tutorial/core.cljs
Compiling target/figwheel_temp/dev/figwheel/connect.cljs
notifying browser that file changed:  out/om_tutorial/core.js
[32mSuccessfully compiled "resources/public/js/main.js" in 0.282 seconds.[0m
[0mCompiling "resources/public/js/main.js" from ["src"]...
Compiling /Users/marclaughton/Development/Projects/om-next-tutorial/src/om_tutorial/core.cljs
Compiling target/figwheel_temp/dev/figwheel/connect.cljs
notifying browser that file changed:  out/om_tutorial/core.js
[32mSuccessfully compiled "resources/public/js/main.js" in 0.272 seconds.[0m
[0mCompiling "resources/public/js/main.js" from ["src"]...
Compiling /Users/marclaughton/Development/Projects/om-next-tutorial/src/om_tutorial/core.cljs
Compiling target/figwheel_temp/dev/figwheel/connect.cljs
notifying browser that file changed:  out/om_tutorial/core.js
[32mSuccessfully compiled "resources/public/js/main.js" in 0.268 seconds.[0m
[0mCompiling "resources/public/js/main.js" from ["src"]...
Compiling /Users/marclaughton/Development/Projects/om-next-tutorial/src/om_tutorial/core.cljs
Compiling target/figwheel_temp/dev/figwheel/connect.cljs
notifying browser that file changed:  out/om_tutorial/core.js
[32mSuccessfully compiled "resources/public/js/main.js" in 0.27 seconds.[0m
[0mCompiling "resources/public/js/main.js" from ["src"]...
Compiling /Users/marclaughton/Development/Projects/om-next-tutorial/src/om_tutorial/core.cljs
Compiling target/figwheel_temp/dev/figwheel/connect.cljs
notifying browser that file changed:  out/om_tutorial/core.js
[32mSuccessfully compiled "resources/public/js/main.js" in 0.294 seconds.[0m
[0mCompiling "resources/public/js/main.js" from ["src"]...
Compiling /Users/marclaughton/Development/Projects/om-next-tutorial/src/om_tutorial/core.cljs
Compiling target/figwheel_temp/dev/figwheel/connect.cljs
notifying browser that file changed:  out/om_tutorial/core.js
[32mSuccessfully compiled "resources/public/js/main.js" in 0.263 seconds.[0m
[0mCompiling "resources/public/js/main.js" from ["src"]...
Compiling /Users/marclaughton/Development/Projects/om-next-tutorial/src/om_tutorial/core.cljs
Compiling target/figwheel_temp/dev/figwheel/connect.cljs
notifying browser that file changed:  out/om_tutorial/core.js
[32mSuccessfully compiled "resources/public/js/main.js" in 0.268 seconds.[0m
[0mCompiling "resources/public/js/main.js" from ["src"]...
Compiling /Users/marclaughton/Development/Projects/om-next-tutorial/src/om_tutorial/core.cljs
Compiling target/figwheel_temp/dev/figwheel/connect.cljs
notifying browser that file changed:  out/om_tutorial/core.js
[32mSuccessfully compiled "resources/public/js/main.js" in 0.294 seconds.[0m
[0mCompiling "resources/public/js/main.js" from ["src"]...
Compiling /Users/marclaughton/Development/Projects/om-next-tutorial/src/om_tutorial/core.cljs
Compiling target/figwheel_temp/dev/figwheel/connect.cljs
notifying browser that file changed:  out/om_tutorial/core.js
[32mSuccessfully compiled "resources/public/js/main.js" in 0.268 seconds.[0m
[0mCompiling "resources/public/js/main.js" from ["src"]...
Compiling /Users/marclaughton/Development/Projects/om-next-tutorial/src/om_tutorial/core.cljs
Compiling target/figwheel_temp/dev/figwheel/connect.cljs
notifying browser that file changed:  out/om_tutorial/core.js
[32mSuccessfully compiled "resources/public/js/main.js" in 0.292 seconds.[0m
[0mCompiling "resources/public/js/main.js" from ["src"]...
notifying browser that file changed:  out/om_tutorial/core.js
[32mSuccessfully compiled "resources/public/js/main.js" in 0.152 seconds.[0m
[0mCompiling "resources/public/js/main.js" from ["src"]...
Compiling /Users/marclaughton/Development/Projects/om-next-tutorial/src/om_tutorial/core.cljs
Compiling target/figwheel_temp/dev/figwheel/connect.cljs
notifying browser that file changed:  out/om_tutorial/core.js
[32mSuccessfully compiled "resources/public/js/main.js" in 0.289 seconds.[0m
[0mCompiling "resources/public/js/main.js" from ["src"]...
Compiling /Users/marclaughton/Development/Projects/om-next-tutorial/src/om_tutorial/core.cljs
Compiling target/figwheel_temp/dev/figwheel/connect.cljs
notifying browser that file changed:  out/om_tutorial/core.js
[32mSuccessfully compiled "resources/public/js/main.js" in 0.27 seconds.[0m
[0mCompiling "resources/public/js/main.js" from ["src"]...
Compiling /Users/marclaughton/Development/Projects/om-next-tutorial/src/om_tutorial/core.cljs
Compiling target/figwheel_temp/dev/figwheel/connect.cljs
notifying browser that file changed:  out/om_tutorial/core.js
[32mSuccessfully compiled "resources/public/js/main.js" in 0.262 seconds.[0m
[0mCompiling "resources/public/js/main.js" from ["src"]...
Compiling /Users/marclaughton/Development/Projects/om-next-tutorial/src/om_tutorial/core.cljs
Compiling target/figwheel_temp/dev/figwheel/connect.cljs
notifying browser that file changed:  out/om_tutorial/core.js
[32mSuccessfully compiled "resources/public/js/main.js" in 0.264 seconds.[0m
[0mCompiling "resources/public/js/main.js" from ["src"]...
Compiling /Users/marclaughton/Development/Projects/om-next-tutorial/src/om_tutorial/core.cljs
Compiling target/figwheel_temp/dev/figwheel/connect.cljs
notifying browser that file changed:  out/om_tutorial/core.js
[32mSuccessfully compiled "resources/public/js/main.js" in 0.278 seconds.[0m
[0mCompiling "resources/public/js/main.js" from ["src"]...
Compiling /Users/marclaughton/Development/Projects/om-next-tutorial/src/om_tutorial/core.cljs
Compiling target/figwheel_temp/dev/figwheel/connect.cljs
notifying browser that file changed:  out/om_tutorial/core.js
[32mSuccessfully compiled "resources/public/js/main.js" in 0.261 seconds.[0m
[0mCompiling "resources/public/js/main.js" from ["src"]...
Compiling /Users/marclaughton/Development/Projects/om-next-tutorial/src/om_tutorial/core.cljs
Compiling target/figwheel_temp/dev/figwheel/connect.cljs
notifying browser that file changed:  out/om_tutorial/core.js
[32mSuccessfully compiled "resources/public/js/main.js" in 0.307 seconds.[0m
[0mCompiling "resources/public/js/main.js" from ["src"]...
Compiling /Users/marclaughton/Development/Projects/om-next-tutorial/src/om_tutorial/core.cljs
Compiling target/figwheel_temp/dev/figwheel/connect.cljs
notifying browser that file changed:  out/om_tutorial/core.js
[32mSuccessfully compiled "resources/public/js/main.js" in 0.245 seconds.[0m
